Determining if the pthread_create exist failed with the following output:
Change Dir: /home/archer/Documents/freeswitch/test/mysql-connector-odbc-5.3.4-src/CMakeFiles/CMakeTmp

Run Build Command:/usr/bin/make "cmTryCompileExec2690717906/fast"
/usr/bin/make -f CMakeFiles/cmTryCompileExec2690717906.dir/build.make CMakeFiles/cmTryCompileExec2690717906.dir/build
make[1]: Entering directory `/home/archer/Documents/freeswitch/test/mysql-connector-odbc-5.3.4-src/CMakeFiles/CMakeTmp'
/usr/bin/cmake -E cmake_progress_report /home/archer/Documents/freeswitch/test/mysql-connector-odbc-5.3.4-src/CMakeFiles/CMakeTmp/CMakeFiles 1
Building C object CMakeFiles/cmTryCompileExec2690717906.dir/CheckSymbolExists.c.o
/usr/bin/cc    -o CMakeFiles/cmTryCompileExec2690717906.dir/CheckSymbolExists.c.o   -c /home/archer/Documents/freeswitch/test/mysql-connector-odbc-5.3.4-src/CMakeFiles/CMakeTmp/CheckSymbolExists.c
Linking C executable cmTryCompileExec2690717906
/usr/bin/cmake -E cmake_link_script CMakeFiles/cmTryCompileExec2690717906.dir/link.txt --verbose=1
/usr/bin/cc       CMakeFiles/cmTryCompileExec2690717906.dir/CheckSymbolExists.c.o  -o cmTryCompileExec2690717906 -rdynamic 
CMakeFiles/cmTryCompileExec2690717906.dir/CheckSymbolExists.c.o: In function `main':
CheckSymbolExists.c:(.text+0x16): undefined reference to `pthread_create'
collect2: error: ld returned 1 exit status
make[1]: *** [cmTryCompileExec2690717906] Error 1
make[1]: Leaving directory `/home/archer/Documents/freeswitch/test/mysql-connector-odbc-5.3.4-src/CMakeFiles/CMakeTmp'
make: *** [cmTryCompileExec2690717906/fast] Error 2

File /home/archer/Documents/freeswitch/test/mysql-connector-odbc-5.3.4-src/CMakeFiles/CMakeTmp/CheckSymbolExists.c:
/* */
#include <pthread.h>

int main(int argc, char** argv)
{
  (void)argv;
#ifndef pthread_create
  return ((int*)(&pthread_create))[argc];
#else
  (void)argc;
  return 0;
#endif
}

Determining if the function pthread_create exists in the pthreads failed with the following output:
Change Dir: /home/archer/Documents/freeswitch/test/mysql-connector-odbc-5.3.4-src/CMakeFiles/CMakeTmp

Run Build Command:/usr/bin/make "cmTryCompileExec378582336/fast"
/usr/bin/make -f CMakeFiles/cmTryCompileExec378582336.dir/build.make CMakeFiles/cmTryCompileExec378582336.dir/build
make[1]: Entering directory `/home/archer/Documents/freeswitch/test/mysql-connector-odbc-5.3.4-src/CMakeFiles/CMakeTmp'
/usr/bin/cmake -E cmake_progress_report /home/archer/Documents/freeswitch/test/mysql-connector-odbc-5.3.4-src/CMakeFiles/CMakeTmp/CMakeFiles 1
Building C object CMakeFiles/cmTryCompileExec378582336.dir/CheckFunctionExists.c.o
/usr/bin/cc   -DCHECK_FUNCTION_EXISTS=pthread_create   -o CMakeFiles/cmTryCompileExec378582336.dir/CheckFunctionExists.c.o   -c /usr/share/cmake-2.8/Modules/CheckFunctionExists.c
Linking C executable cmTryCompileExec378582336
/usr/bin/cmake -E cmake_link_script CMakeFiles/cmTryCompileExec378582336.dir/link.txt --verbose=1
/usr/bin/cc   -DCHECK_FUNCTION_EXISTS=pthread_create    CMakeFiles/cmTryCompileExec378582336.dir/CheckFunctionExists.c.o  -o cmTryCompileExec378582336 -rdynamic -lpthreads 
/usr/bin/ld: cannot find -lpthreads
collect2: error: ld returned 1 exit status
make[1]: *** [cmTryCompileExec378582336] Error 1
make[1]: Leaving directory `/home/archer/Documents/freeswitch/test/mysql-connector-odbc-5.3.4-src/CMakeFiles/CMakeTmp'
make: *** [cmTryCompileExec378582336/fast] Error 2


